<?xml version="1.0" encoding="utf-8"?><testsuites name="pytest tests"><testsuite name="pytest" errors="0" failures="0" skipped="0" tests="6" time="27.125" timestamp="2026-06-04T15:38:16.915716+00:00" hostname="agent-env-bfec39ef-dc50-4571-9028-c3d6c6d0071e"><testcase classname="backend.tests.test_llm_endpoints.TestRoot" name="test_root_message" time="0.180" /><testcase classname="backend.tests.test_llm_endpoints.TestGrade" name="test_grade_technical_returns_structured_dims" time="13.771" /><testcase classname="backend.tests.test_llm_endpoints.TestGrade" name="test_grade_behavioral_returns_star_dims" time="5.457" /><testcase classname="backend.tests.test_llm_endpoints.TestGrade" name="test_grade_invalid_body_returns_422" time="0.052" /><testcase classname="backend.tests.test_llm_endpoints.TestAnalyzeJD" name="test_analyze_jd_structure" time="7.421" /><testcase classname="backend.tests.test_llm_endpoints.TestAnalyzeJD" name="test_analyze_jd_invalid_body_returns_422" time="0.055" /></testsuite></testsuites>